{"level":"info","message":"Server is running."}
{"level":"info","message":"Server is running."}
{"level":"info","message":"Server is running."}
{"level":"info","message":"Server is running."}
{"level":"info","message":"Reviews data got from Review table"}
{"level":"info","message":"Server is running."}
{"level":"error","message":"Error user is not logged in"}
{"level":"info","message":"Reviews data got from Review table"}
{"level":"error","message":"Error user is not logged in"}
{"level":"info","message":"Reviews data got from Review table"}
{"level":"error","message":"Error user is not logged in"}
{"level":"info","message":"Reviews data got from Review table"}
{"level":"error","message":"Error user is not logged in"}
{"level":"info","message":"Reviews data got from Review table"}
{"level":"info","message":"Server is running."}
{"level":"info","message":"Server is running."}
{"level":"info","message":"Server is running."}
{"level":"info","message":"Server is running."}
{"level":"info","message":"Server is running."}
{"level":"info","message":"Database created"}
{"level":"info","message":"Server connected to database"}
